<?xml version="1.0" encoding="UTF-8"?>
<testsuite xmlns:xsi="http://www.w3.org/2001/XMLSchema-instance" xsi:noNamespaceSchemaLocation="https://maven.apache.org/surefire/maven-surefire-plugin/xsd/surefire-test-report-3.0.xsd" version="3.0" name="com.example.HelloServletTest" time="0.003" tests="1" errors="0" skipped="0" failures="0">
  <properties>
    <property name="java.specification.version" value="23"/>
    <property name="sun.cpu.isalist" value="amd64"/>
    <property name="sun.jnu.encoding" value="Cp1252"/>
    <property name="java.class.path" value="C:\Users\neel.patel\Desktop\Calculator-Maven\my-web-app\target\test-classes;C:\Users\neel.patel\Desktop\Calculator-Maven\my-web-app\target\classes;C:\Users\neel.patel\.m2\repository\javax\servlet\javax.servlet-api\4.0.1\javax.servlet-api-4.0.1.jar;C:\Users\neel.patel\.m2\repository\junit\junit\4.13.2\junit-4.13.2.jar;C:\Users\neel.patel\.m2\repository\org\hamcrest\hamcrest-core\1.3\hamcrest-core-1.3.jar;C:\Users\neel.patel\.m2\repository\org\mockito\mockito-core\5.15.2\mockito-core-5.15.2.jar;C:\Users\neel.patel\.m2\repository\net\bytebuddy\byte-buddy\1.15.11\byte-buddy-1.15.11.jar;C:\Users\neel.patel\.m2\repository\net\bytebuddy\byte-buddy-agent\1.15.11\byte-buddy-agent-1.15.11.jar;C:\Users\neel.patel\.m2\repository\org\objenesis\objenesis\3.3\objenesis-3.3.jar;"/>
    <property name="java.vm.vendor" value="Oracle Corporation"/>
    <property name="sun.arch.data.model" value="64"/>
    <property name="user.variant" value=""/>
    <property name="java.vendor.url" value="https://java.oracle.com/"/>
    <property name="user.timezone" value="Asia/Calcutta"/>
    <property name="os.name" value="Windows 10"/>
    <property name="java.vm.specification.version" value="23"/>
    <property name="sun.java.launcher" value="SUN_STANDARD"/>
    <property name="user.country" value="IN"/>
    <property name="sun.boot.library.path" value="C:\jdk-23.0.1\bin"/>
    <property name="sun.java.command" value="C:\Users\neel.patel\AppData\Local\Temp\surefire10792077218031025577\surefirebooter-20250124141725203_3.jar C:\Users\neel.patel\AppData\Local\Temp\surefire10792077218031025577 2025-01-24T14-17-25_052-jvmRun1 surefire-20250124141725203_1tmp surefire_0-20250124141725203_2tmp"/>
    <property name="jdk.debug" value="release"/>
    <property name="surefire.test.class.path" value="C:\Users\neel.patel\Desktop\Calculator-Maven\my-web-app\target\test-classes;C:\Users\neel.patel\Desktop\Calculator-Maven\my-web-app\target\classes;C:\Users\neel.patel\.m2\repository\javax\servlet\javax.servlet-api\4.0.1\javax.servlet-api-4.0.1.jar;C:\Users\neel.patel\.m2\repository\junit\junit\4.13.2\junit-4.13.2.jar;C:\Users\neel.patel\.m2\repository\org\hamcrest\hamcrest-core\1.3\hamcrest-core-1.3.jar;C:\Users\neel.patel\.m2\repository\org\mockito\mockito-core\5.15.2\mockito-core-5.15.2.jar;C:\Users\neel.patel\.m2\repository\net\bytebuddy\byte-buddy\1.15.11\byte-buddy-1.15.11.jar;C:\Users\neel.patel\.m2\repository\net\bytebuddy\byte-buddy-agent\1.15.11\byte-buddy-agent-1.15.11.jar;C:\Users\neel.patel\.m2\repository\org\objenesis\objenesis\3.3\objenesis-3.3.jar;"/>
    <property name="sun.cpu.endian" value="little"/>
    <property name="user.home" value="C:\Users\neel.patel"/>
    <property name="user.language" value="en"/>
    <property name="java.specification.vendor" value="Oracle Corporation"/>
    <property name="java.version.date" value="2024-10-15"/>
    <property name="java.home" value="C:\jdk-23.0.1"/>
    <property name="file.separator" value="\"/>
    <property name="basedir" value="C:\Users\neel.patel\Desktop\Calculator-Maven\my-web-app"/>
    <property name="java.vm.compressedOopsMode" value="Zero based"/>
    <property name="line.separator" value="&#10;"/>
    <property name="java.vm.specification.vendor" value="Oracle Corporation"/>
    <property name="java.specification.name" value="Java Platform API Specification"/>
    <property name="surefire.real.class.path" value="C:\Users\neel.patel\AppData\Local\Temp\surefire10792077218031025577\surefirebooter-20250124141725203_3.jar"/>
    <property name="user.script" value=""/>
    <property name="sun.management.compiler" value="HotSpot 64-Bit Tiered Compilers"/>
    <property name="java.runtime.version" value="23.0.1+11-39"/>
    <property name="user.name" value="neel.patel"/>
    <property name="stdout.encoding" value="Cp1252"/>
    <property name="path.separator" value=";"/>
    <property name="os.version" value="10.0"/>
    <property name="java.runtime.name" value="Java(TM) SE Runtime Environment"/>
    <property name="file.encoding" value="UTF-8"/>
    <property name="java.vm.name" value="Java HotSpot(TM) 64-Bit Server VM"/>
    <property name="localRepository" value="C:\Users\neel.patel\.m2\repository"/>
    <property name="java.vendor.url.bug" value="https://bugreport.java.com/bugreport/"/>
    <property name="java.io.tmpdir" value="C:\Users\NEEL~1.PAT\AppData\Local\Temp\"/>
    <property name="java.version" value="23.0.1"/>
    <property name="user.dir" value="C:\Users\neel.patel\Desktop\Calculator-Maven\my-web-app"/>
    <property name="os.arch" value="amd64"/>
    <property name="java.vm.specification.name" value="Java Virtual Machine Specification"/>
    <property name="sun.os.patch.level" value=""/>
    <property name="native.encoding" value="Cp1252"/>
    <property name="java.library.path" value="C:\jdk-23.0.1\bin;C:\Windows\Sun\Java\bin;C:\Windows\system32;C:\Windows;C:\Users\neel.patel\bin;C:\Users\neel.patel\AppData\Local\Programs\Git\mingw64\bin;C:\Users\neel.patel\AppData\Local\Programs\Git\usr\local\bin;C:\Users\neel.patel\AppData\Local\Programs\Git\usr\bin;C:\Users\neel.patel\AppData\Local\Programs\Git\usr\bin;C:\Users\neel.patel\AppData\Local\Programs\Git\mingw64\bin;C:\Users\neel.patel\AppData\Local\Programs\Git\usr\bin;C:\Users\neel.patel\bin;C:\Windows\system32;C:\Windows;C:\Windows\System32\Wbem;C:\Windows\System32\WindowsPowerShell\v1.0;C:\Windows\System32\OpenSSH;C:\Users\neel.patel\AppData\Local\Microsoft\WindowsApps;C:\Users\neel.patel\AppData\Local\Programs\Git\cmd;C:\Users\neel.patel\AppData\Local\JetBrains\IntelliJ IDEA 2024.3.1.1\bin;C:\apache-maven-3.9.9\bin;C:\jdk-23.0.1\bin;C:\jdk-23.0.1;C:\Users\neel.patel\AppData\Local\Programs\Microsoft VS Code\bin;C:\apache-tomcat-9.0.98\bin;C:\Users\neel.patel\AppData\Local\Programs\Git\usr\bin\vendor_perl;C:\Users\neel.patel\AppData\Local\Programs\Git\usr\bin\core_perl;."/>
    <property name="java.vm.info" value="mixed mode, sharing"/>
    <property name="stderr.encoding" value="Cp1252"/>
    <property name="java.vendor" value="Oracle Corporation"/>
    <property name="java.vm.version" value="23.0.1+11-39"/>
    <property name="sun.io.unicode.encoding" value="UnicodeLittle"/>
    <property name="java.class.version" value="67.0"/>
  </properties>
  <testcase name="testDoGet" classname="com.example.HelloServletTest" time="0.002">
    <system-out><![CDATA[<h1>Hello, World!</h1>
]]></system-out>
  </testcase>
</testsuite>